<?xml version="1.0" encoding="UTF-8"?>
<!-- Generated by org.testng.reporters.JUnitXMLReporter -->
<testsuite hostname="LAPTOP-JD3JCJ7C" ignored="3" name="Test" tests="1" failures="0" timestamp="2021-03-05T11:39:40 IST" time="31.172" errors="0">
  <testcase name="searchProduct" time="10.641" classname="tests.SanityBuyProduct"/>
  <testcase name="getIntoProduct" time="0.0" classname="tests.SanityBuyProduct">
    <ignored/>
  </testcase> <!-- getIntoProduct -->
  <testcase name="addToCart" time="0.0" classname="tests.SanityBuyProduct">
    <ignored/>
  </testcase> <!-- addToCart -->
  <testcase name="editProduct" time="0.0" classname="tests.SanityBuyProduct">
    <ignored/>
  </testcase> <!-- editProduct -->
</testsuite> <!-- Test -->
